\BOOKMARK [0][-]{chapter*.3}{List of Figures}{}% 1
\BOOKMARK [0][-]{chapter*.4}{List of Tables}{}% 2
\BOOKMARK [0][-]{chapter.1}{Introduction}{}% 3
\BOOKMARK [0][-]{chapter.2}{The Physics of Accretion}{}% 4
\BOOKMARK [1][-]{section.2.1}{High-Mass and Low-Mass X-Ray Binaries}{chapter.2}% 5
\BOOKMARK [2][-]{subsection.2.1.1}{Black Hole LMXBs}{section.2.1}% 6
\BOOKMARK [2][-]{subsection.2.1.2}{Neutron Star LMXBs}{section.2.1}% 7
\BOOKMARK [1][-]{section.2.2}{The Shakura-Sunyaev Disk Model}{chapter.2}% 8
\BOOKMARK [1][-]{section.2.3}{GRS 1915+105 and IGR J17091-3624}{chapter.2}% 9
\BOOKMARK [2][-]{subsection.2.3.1}{A History of Models of GRS 1915-like Variability}{section.2.3}% 10
\BOOKMARK [1][-]{section.2.4}{Type II Burst Sources}{chapter.2}% 11
\BOOKMARK [0][-]{chapter.3}{Tools \046 Methods}{}% 12
\BOOKMARK [1][-]{section.3.1}{Instrumentation}{chapter.3}% 13
\BOOKMARK [2][-]{subsection.3.1.1}{The Rossi X-Ray Timing Experiment}{section.3.1}% 14
\BOOKMARK [2][-]{subsection.3.1.2}{The Neil Gehrels Swift Observatory}{section.3.1}% 15
\BOOKMARK [2][-]{subsection.3.1.3}{XMM-Newton}{section.3.1}% 16
\BOOKMARK [2][-]{subsection.3.1.4}{Chandra}{section.3.1}% 17
\BOOKMARK [2][-]{subsection.3.1.5}{Suzaku}{section.3.1}% 18
\BOOKMARK [2][-]{subsection.3.1.6}{NuStar}{section.3.1}% 19
\BOOKMARK [2][-]{subsection.3.1.7}{INTEGRAL}{section.3.1}% 20
\BOOKMARK [1][-]{section.3.2}{Raw Data Extraction}{chapter.3}% 21
\BOOKMARK [1][-]{section.3.3}{Lightcurve Analysis}{chapter.3}% 22
\BOOKMARK [2][-]{subsection.3.3.1}{Flare-Finding Algorithm}{section.3.3}% 23
\BOOKMARK [1][-]{section.3.4}{Timing Analysis}{chapter.3}% 24
\BOOKMARK [1][-]{section.3.5}{Spectral Analysis}{chapter.3}% 25
\BOOKMARK [0][-]{chapter.4}{Variability in IGR J17091-3624: Classification}{}% 26
\BOOKMARK [1][-]{section.4.1}{Introduction}{chapter.4}% 27
\BOOKMARK [1][-]{section.4.2}{Data and Data Analysis}{chapter.4}% 28
\BOOKMARK [2][-]{subsection.4.2.1}{RXTE}{section.4.2}% 29
\BOOKMARK [2][-]{subsection.4.2.2}{Swift}{section.4.2}% 30
\BOOKMARK [2][-]{subsection.4.2.3}{INTEGRAL}{section.4.2}% 31
\BOOKMARK [2][-]{subsection.4.2.4}{XMM-Newton}{section.4.2}% 32
\BOOKMARK [2][-]{subsection.4.2.5}{Chandra}{section.4.2}% 33
\BOOKMARK [2][-]{subsection.4.2.6}{Suzaku}{section.4.2}% 34
\BOOKMARK [1][-]{section.4.3}{Results}{chapter.4}% 35
\BOOKMARK [2][-]{subsection.4.3.1}{Outburst Evolution}{section.4.3}% 36
\BOOKMARK [2][-]{subsection.4.3.2}{RXTE}{section.4.3}% 37
\BOOKMARK [2][-]{subsection.4.3.3}{Swift}{section.4.3}% 38
\BOOKMARK [2][-]{subsection.4.3.4}{INTEGRAL}{section.4.3}% 39
\BOOKMARK [2][-]{subsection.4.3.5}{Chandra}{section.4.3}% 40
\BOOKMARK [2][-]{subsection.4.3.6}{XMM-Newton}{section.4.3}% 41
\BOOKMARK [2][-]{subsection.4.3.7}{Suzaku}{section.4.3}% 42
\BOOKMARK [1][-]{section.4.4}{Discussion}{chapter.4}% 43
\BOOKMARK [2][-]{subsection.4.4.1}{Variability Classes: IGR J17091 vs. GRS 1915}{section.4.4}% 44
\BOOKMARK [2][-]{subsection.4.4.2}{General Comparison with GRS 1915+105}{section.4.4}% 45
\BOOKMARK [2][-]{subsection.4.4.3}{Comparison with the Rapid Burster}{section.4.4}% 46
\BOOKMARK [2][-]{subsection.4.4.4}{Comparison with Altamirano et al. 2011}{section.4.4}% 47
\BOOKMARK [2][-]{subsection.4.4.5}{New Constraints on Accretion Rate, Mass \046 Distance}{section.4.4}% 48
\BOOKMARK [2][-]{subsection.4.4.6}{Implications for Models of `Heartbeat' Variability}{section.4.4}% 49
\BOOKMARK [1][-]{section.4.5}{Conclusions}{chapter.4}% 50
\BOOKMARK [0][-]{chapter.5}{Burst Evolution in GRO J1744-28}{}% 51
\BOOKMARK [0][-]{chapter.6}{GRO J1744-28: the Transitional Pulsar Link}{}% 52
\BOOKMARK [1][-]{section.6.1}{Introduction}{chapter.6}% 53
\BOOKMARK [1][-]{section.6.2}{GRO J1744-28: The Bursting Pulsar}{chapter.6}% 54
\BOOKMARK [1][-]{section.6.3}{Comparison}{chapter.6}% 55
\BOOKMARK [1][-]{section.6.4}{Discussion}{chapter.6}% 56
\BOOKMARK [0][-]{chapter.7}{Conclusions}{}% 57
\BOOKMARK [0][-]{Appendix.a.A}{Model-Independent Classification of each Observation of IGR J17091-3624}{}% 58
